<?xml version="1.0" encoding="UTF-8"?>
<testng-results skipped="1" failed="0" ignored="0" total="6" passed="5">
  <reporter-output>
    <line>
      <![CDATA[<br>Verification failure : expected [abc] but found [xyz]<br>]]>
    </line>
    <line>
      <![CDATA[<a target="_blank" href=Mon_Dec_19_12_24_31_CST_2022.jpg><img src=Mon_Dec_19_12_24_31_CST_2022.jpg height=200 width=200></img></a>]]>
    </line>
    <line>
      <![CDATA[<br>]]>
    </line>
    <line>
      <![CDATA[<br>]]>
    </line>
  </reporter-output>
  <suite name="Data Driven Basics" duration-ms="22360" started-at="2022-12-19T18:24:30Z" finished-at="2022-12-19T18:24:53Z">
    <groups>
    </groups>
    <test name="Bank Manager Login Test" duration-ms="3655" started-at="2022-12-19T18:24:30Z" finished-at="2022-12-19T18:24:34Z">
      <class name="testcases.BankManagerLoginTest">
        <test-method status="PASS" signature="bankManagerLoginTest()[pri:0, instance:testcases.BankManagerLoginTest@1033576a]" name="bankManagerLoginTest" duration-ms="3601" started-at="2022-12-19T18:24:30Z" finished-at="2022-12-19T18:24:34Z">
          <reporter-output>
            <line>
              <![CDATA[<br>Verification failure : expected [abc] but found [xyz]<br>]]>
            </line>
            <line>
              <![CDATA[<a target="_blank" href=Mon_Dec_19_12_24_31_CST_2022.jpg><img src=Mon_Dec_19_12_24_31_CST_2022.jpg height=200 width=200></img></a>]]>
            </line>
            <line>
              <![CDATA[<br>]]>
            </line>
            <line>
              <![CDATA[<br>]]>
            </line>
          </reporter-output>
        </test-method> <!-- bankManagerLoginTest -->
      </class> <!-- testcases.BankManagerLoginTest -->
    </test> <!-- Bank Manager Login Test -->
    <test name="Add Customer Test" duration-ms="13458" started-at="2022-12-19T18:24:35Z" finished-at="2022-12-19T18:24:49Z">
      <class name="testcases.AddCustomerTest">
        <test-method status="PASS" signature="addCustomerTest(java.util.Hashtable)[pri:0, instance:testcases.AddCustomerTest@536f2a7e]" name="addCustomerTest" duration-ms="4774" started-at="2022-12-19T18:24:35Z" data-provider="dp" finished-at="2022-12-19T18:24:40Z">
          <params>
            <param index="0">
              <value>
                <![CDATA[{alerttext=Customer added successfully, postcode=A234wd, lastname=Arora, runmode=Y, firstname=Raman}]]>
              </value>
            </param>
          </params>
          <reporter-output>
          </reporter-output>
        </test-method> <!-- addCustomerTest -->
        <test-method status="SKIP" signature="addCustomerTest(java.util.Hashtable)[pri:0, instance:testcases.AddCustomerTest@536f2a7e]" name="addCustomerTest" duration-ms="0" started-at="2022-12-19T18:24:40Z" data-provider="dp" finished-at="2022-12-19T18:24:40Z">
          <params>
            <param index="0">
              <value>
                <![CDATA[{alerttext=Customer added successfully, postcode=A234wd, lastname=Arora, runmode=N, firstname=Rahul}]]>
              </value>
            </param>
          </params>
          <exception class="org.testng.SkipException">
            <message>
              <![CDATA[Skipping the test case as the Run mode for data set is NO]]>
            </message>
            <full-stacktrace>
              <![CDATA[org.testng.SkipException: Skipping the test case as the Run mode for data set is NO
at testcases.AddCustomerTest.addCustomerTest(AddCustomerTest.java:25)
at sun.reflect.NativeMethodAccessorImpl.invoke0(Native Method)
at sun.reflect.NativeMethodAccessorImpl.invoke(NativeMethodAccessorImpl.java:62)
at sun.reflect.DelegatingMethodAccessorImpl.invoke(DelegatingMethodAccessorImpl.java:43)
at java.lang.reflect.Method.invoke(Method.java:498)
at org.testng.internal.MethodInvocationHelper.invokeMethod(MethodInvocationHelper.java:124)
at org.testng.internal.Invoker.invokeMethod(Invoker.java:583)
at org.testng.internal.Invoker.invokeTestMethod(Invoker.java:719)
at org.testng.internal.Invoker.invokeTestMethods(Invoker.java:989)
at org.testng.internal.TestMethodWorker.invokeTestMethods(TestMethodWorker.java:125)
at org.testng.internal.TestMethodWorker.run(TestMethodWorker.java:109)
at org.testng.TestRunner.privateRun(TestRunner.java:648)
at org.testng.TestRunner.run(TestRunner.java:505)
at org.testng.SuiteRunner.runTest(SuiteRunner.java:455)
at org.testng.SuiteRunner.runSequentially(SuiteRunner.java:450)
at org.testng.SuiteRunner.privateRun(SuiteRunner.java:415)
at org.testng.SuiteRunner.run(SuiteRunner.java:364)
at org.testng.SuiteRunnerWorker.runSuite(SuiteRunnerWorker.java:52)
at org.testng.SuiteRunnerWorker.run(SuiteRunnerWorker.java:84)
at org.testng.TestNG.runSuitesSequentially(TestNG.java:1208)
at org.testng.TestNG.runSuitesLocally(TestNG.java:1137)
at org.testng.TestNG.runSuites(TestNG.java:1049)
at org.testng.TestNG.run(TestNG.java:1017)
at org.apache.maven.surefire.testng.TestNGExecutor.run(TestNGExecutor.java:295)
at org.apache.maven.surefire.testng.TestNGXmlTestSuite.execute(TestNGXmlTestSuite.java:84)
at org.apache.maven.surefire.testng.TestNGProvider.invoke(TestNGProvider.java:90)
at org.apache.maven.surefire.booter.ForkedBooter.invokeProviderInSameClassLoader(ForkedBooter.java:203)
at org.apache.maven.surefire.booter.ForkedBooter.runSuitesInProcess(ForkedBooter.java:155)
at org.apache.maven.surefire.booter.ForkedBooter.main(ForkedBooter.java:103)
]]>
            </full-stacktrace>
          </exception> <!-- org.testng.SkipException -->
          <reporter-output>
          </reporter-output>
        </test-method> <!-- addCustomerTest -->
        <test-method status="PASS" signature="addCustomerTest(java.util.Hashtable)[pri:0, instance:testcases.AddCustomerTest@536f2a7e]" name="addCustomerTest" duration-ms="4287" started-at="2022-12-19T18:24:40Z" data-provider="dp" finished-at="2022-12-19T18:24:45Z">
          <params>
            <param index="0">
              <value>
                <![CDATA[{alerttext=Customer added successfully, postcode=A234wd, lastname=Arora, runmode=Y, firstname=Ishita}]]>
              </value>
            </param>
          </params>
          <reporter-output>
          </reporter-output>
        </test-method> <!-- addCustomerTest -->
        <test-method status="PASS" signature="addCustomerTest(java.util.Hashtable)[pri:0, instance:testcases.AddCustomerTest@536f2a7e]" name="addCustomerTest" duration-ms="4297" started-at="2022-12-19T18:24:45Z" data-provider="dp" finished-at="2022-12-19T18:24:49Z">
          <params>
            <param index="0">
              <value>
                <![CDATA[{alerttext=Customer added successfully, postcode=A234wd, lastname=Sehgal, runmode=Y, firstname=Rohit}]]>
              </value>
            </param>
          </params>
          <reporter-output>
          </reporter-output>
        </test-method> <!-- addCustomerTest -->
      </class> <!-- testcases.AddCustomerTest -->
    </test> <!-- Add Customer Test -->
    <test name="Open Account Test" duration-ms="3731" started-at="2022-12-19T18:24:49Z" finished-at="2022-12-19T18:24:53Z">
      <class name="testcases.OpenAccountTest">
        <test-method status="PASS" signature="setUp()[pri:0, instance:testcases.OpenAccountTest@65987993]" name="setUp" is-config="true" duration-ms="6933" started-at="2022-12-19T18:24:23Z" finished-at="2022-12-19T18:24:30Z">
          <reporter-output>
          </reporter-output>
        </test-method> <!-- setUp -->
        <test-method status="PASS" signature="openAccountTest(java.util.Hashtable)[pri:0, instance:testcases.OpenAccountTest@65987993]" name="openAccountTest" duration-ms="3730" started-at="2022-12-19T18:24:49Z" data-provider="dp" finished-at="2022-12-19T18:24:53Z">
          <params>
            <param index="0">
              <value>
                <![CDATA[{currency=Rupee, customer=Raman Arora}]]>
              </value>
            </param>
          </params>
          <reporter-output>
          </reporter-output>
        </test-method> <!-- openAccountTest -->
        <test-method status="PASS" signature="tearDown()[pri:0, instance:testcases.OpenAccountTest@65987993]" name="tearDown" is-config="true" duration-ms="1402" started-at="2022-12-19T18:24:53Z" finished-at="2022-12-19T18:24:54Z">
          <reporter-output>
          </reporter-output>
        </test-method> <!-- tearDown -->
      </class> <!-- testcases.OpenAccountTest -->
    </test> <!-- Open Account Test -->
  </suite> <!-- Data Driven Basics -->
</testng-results>
